<?xml version="1.0" encoding="UTF-8"?>
<!-- Generated by org.testng.reporters.JUnitXMLReporter -->
<testsuite hostname="Deepaks-MacBook-Air.local" failures="1" tests="1" name="Validating the title of the page" time="12.214" errors="0" timestamp="6 Jun 2021 11:00:54 GMT">
  <testcase classname="testCases.ValidateTitle" name="validateTitle" time="6.101">
    <failure type="java.lang.AssertionError" message="expected:&amp;lt;FEATURED COURSES&amp;gt; but was:&amp;lt;FEATURED COURSES12&amp;gt;">
      <![CDATA[java.lang.AssertionError: expected:<FEATURED COURSES> but was:<FEATURED COURSES12>
	at testCases.ValidateTitle.validateTitle(ValidateTitle.java:48)
... Removed 26 stack frames]]>
    </failure>
  </testcase> <!-- validateTitle -->
</testsuite> <!-- Validating the title of the page -->
